2014-06-28 14:39:20,280 [main] INFO  com.game.sanguo.base.util.UserConfig - E:\sanguo_client\sanguo_client\.\config\userconfig.xml
2014-06-28 14:39:21,091 [main] INFO  com.game.sanguo.base.util.UserConfig - 加载完毕，共加载1个用户配置文件
2014-06-28 14:39:24,316 [main] INFO  org.quartz.impl.StdSchedulerFactory - Using default implementation for ThreadExecutor
2014-06-28 14:39:24,346 [main] INFO  org.quartz.simpl.SimpleThreadPool - Job execution threads will use class loader of thread: main
2014-06-28 14:39:24,486 [main] INFO  org.quartz.core.SchedulerSignalerImpl - Initialized Scheduler Signaller of type: class org.quartz.core.SchedulerSignalerImpl
2014-06-28 14:39:24,486 [main] INFO  org.quartz.core.QuartzScheduler - Quartz Scheduler v.2.2.1 created.
2014-06-28 14:39:24,496 [main] INFO  org.quartz.simpl.RAMJobStore - RAMJobStore initialized.
2014-06-28 14:39:24,496 [main] INFO  org.quartz.core.QuartzScheduler - Scheduler meta-data: Quartz Scheduler (v2.2.1) 'DefaultQuartzScheduler' with instanceId 'NON_CLUSTERED'
  Scheduler class: 'org.quartz.core.QuartzScheduler' - running locally.
  NOT STARTED.
  Currently in standby mode.
  Number of jobs executed: 0
  Using thread pool 'org.quartz.simpl.SimpleThreadPool' - with 30 threads.
  Using job-store 'org.quartz.simpl.RAMJobStore' - which does not support persistence. and is not clustered.

2014-06-28 14:39:24,506 [main] INFO  org.quartz.impl.StdSchedulerFactory - Quartz scheduler 'DefaultQuartzScheduler' initialized from default resource file in Quartz package: 'quartz.properties'
2014-06-28 14:39:24,506 [main] INFO  org.quartz.impl.StdSchedulerFactory - Quartz scheduler version: 2.2.1
2014-06-28 14:39:24,506 [main] INFO  org.quartz.core.QuartzScheduler - Scheduler DefaultQuartzScheduler_$_NON_CLUSTERED started.
2014-06-28 14:39:24,797 [DefaultQuartzScheduler_Worker-1] INFO  com.game.sanguo.base.task.GameTask - xinyuanalex@sohu.com exec com.game.sanguo.base.task.LoginTask
2014-06-28 14:39:30,715 [DefaultQuartzScheduler_Worker-1] INFO  com.game.sanguo.base.task.GameTask - xinyuanalex@sohu.com 登录成功
2014-06-28 14:39:40,019 [DefaultQuartzScheduler_Worker-2] INFO  com.game.sanguo.base.task.GameTask - xinyuanalex@sohu.com exec com.game.sanguo.base.task.GameNotifyTask
2014-06-28 14:39:40,099 [DefaultQuartzScheduler_Worker-3] INFO  com.game.sanguo.base.task.GameTask - xinyuanalex@sohu.com exec com.game.sanguo.base.task.WorldCupTask
2014-06-28 14:39:50,033 [DefaultQuartzScheduler_Worker-4] INFO  com.game.sanguo.base.task.GameTask - xinyuanalex@sohu.com exec com.game.sanguo.base.task.GameNotifyTask
