2014-06-29 00:15:07,490 [main] INFO  com.game.sanguo.base.util.UserConfig - E:\sanguo_client\sanguo_client\.\config\userconfig.xml
2014-06-29 00:15:09,985 [main] INFO  com.game.sanguo.base.util.UserConfig - 加载完毕，共加载1个用户配置文件
2014-06-29 00:15:24,208 [main] INFO  org.quartz.impl.StdSchedulerFactory - Using default implementation for ThreadExecutor
2014-06-29 00:15:24,358 [main] INFO  org.quartz.simpl.SimpleThreadPool - Job execution threads will use class loader of thread: main
2014-06-29 00:15:26,029 [main] INFO  org.quartz.core.SchedulerSignalerImpl - Initialized Scheduler Signaller of type: class org.quartz.core.SchedulerSignalerImpl
2014-06-29 00:15:26,054 [main] INFO  org.quartz.core.QuartzScheduler - Quartz Scheduler v.2.2.1 created.
2014-06-29 00:15:26,079 [main] INFO  org.quartz.simpl.RAMJobStore - RAMJobStore initialized.
2014-06-29 00:15:26,129 [main] INFO  org.quartz.core.QuartzScheduler - Scheduler meta-data: Quartz Scheduler (v2.2.1) 'DefaultQuartzScheduler' with instanceId 'NON_CLUSTERED'
  Scheduler class: 'org.quartz.core.QuartzScheduler' - running locally.
  NOT STARTED.
  Currently in standby mode.
  Number of jobs executed: 0
  Using thread pool 'org.quartz.simpl.SimpleThreadPool' - with 30 threads.
  Using job-store 'org.quartz.simpl.RAMJobStore' - which does not support persistence. and is not clustered.

2014-06-29 00:15:26,154 [main] INFO  org.quartz.impl.StdSchedulerFactory - Quartz scheduler 'DefaultQuartzScheduler' initialized from default resource file in Quartz package: 'quartz.properties'
2014-06-29 00:15:26,179 [main] INFO  org.quartz.impl.StdSchedulerFactory - Quartz scheduler version: 2.2.1
2014-06-29 00:15:26,179 [main] INFO  org.quartz.core.QuartzScheduler - Scheduler DefaultQuartzScheduler_$_NON_CLUSTERED started.
2014-06-29 00:15:27,140 [DefaultQuartzScheduler_Worker-1] INFO  com.game.sanguo.base.task.GameTask - xinyuanalex@sohu.com exec com.game.sanguo.base.task.LoginTask
2014-06-29 00:15:38,261 [DefaultQuartzScheduler_Worker-1] INFO  com.game.sanguo.base.task.GameTask - xinyuanalex@sohu.com 登录成功
2014-06-29 00:16:03,849 [DefaultQuartzScheduler_Worker-2] INFO  com.game.sanguo.base.task.GameTask - xinyuanalex@sohu.com exec com.game.sanguo.base.task.GameNotifyTask
2014-06-29 00:16:04,045 [DefaultQuartzScheduler_Worker-3] INFO  com.game.sanguo.base.task.GameTask - xinyuanalex@sohu.com exec com.game.sanguo.base.task.WorldCupTask
2014-06-29 00:20:32,205 [main] INFO  com.game.sanguo.base.util.UserConfig - E:\sanguo_client\sanguo_client\.\config\userconfig.xml
2014-06-29 00:20:50,581 [main] INFO  com.game.sanguo.base.util.UserConfig - 加载完毕，共加载1个用户配置文件
2014-06-29 00:21:25,110 [main] INFO  org.quartz.impl.StdSchedulerFactory - Using default implementation for ThreadExecutor
2014-06-29 00:21:27,387 [main] INFO  org.quartz.simpl.SimpleThreadPool - Job execution threads will use class loader of thread: main
2014-06-29 00:21:32,319 [main] INFO  org.quartz.core.SchedulerSignalerImpl - Initialized Scheduler Signaller of type: class org.quartz.core.SchedulerSignalerImpl
2014-06-29 00:21:32,353 [main] INFO  org.quartz.core.QuartzScheduler - Quartz Scheduler v.2.2.1 created.
2014-06-29 00:21:32,687 [main] INFO  org.quartz.simpl.RAMJobStore - RAMJobStore initialized.
2014-06-29 00:21:33,132 [main] INFO  org.quartz.core.QuartzScheduler - Scheduler meta-data: Quartz Scheduler (v2.2.1) 'DefaultQuartzScheduler' with instanceId 'NON_CLUSTERED'
  Scheduler class: 'org.quartz.core.QuartzScheduler' - running locally.
  NOT STARTED.
  Currently in standby mode.
  Number of jobs executed: 0
  Using thread pool 'org.quartz.simpl.SimpleThreadPool' - with 30 threads.
  Using job-store 'org.quartz.simpl.RAMJobStore' - which does not support persistence. and is not clustered.

2014-06-29 00:21:33,201 [main] INFO  org.quartz.impl.StdSchedulerFactory - Quartz scheduler 'DefaultQuartzScheduler' initialized from default resource file in Quartz package: 'quartz.properties'
2014-06-29 00:21:33,287 [main] INFO  org.quartz.impl.StdSchedulerFactory - Quartz scheduler version: 2.2.1
2014-06-29 00:21:33,351 [main] INFO  org.quartz.core.QuartzScheduler - Scheduler DefaultQuartzScheduler_$_NON_CLUSTERED started.
2014-06-29 00:21:38,298 [DefaultQuartzScheduler_Worker-1] INFO  com.game.sanguo.base.task.GameTask - xinyuanalex@sohu.com exec com.game.sanguo.base.task.LoginTask
2014-06-29 00:21:54,476 [DefaultQuartzScheduler_Worker-1] INFO  com.game.sanguo.base.task.GameTask - xinyuanalex@sohu.com 登录成功
2014-06-29 00:22:20,884 [DefaultQuartzScheduler_Worker-2] INFO  com.game.sanguo.base.task.GameTask - xinyuanalex@sohu.com exec com.game.sanguo.base.task.GameNotifyTask
2014-06-29 00:22:21,567 [DefaultQuartzScheduler_Worker-3] INFO  com.game.sanguo.base.task.GameTask - xinyuanalex@sohu.com exec com.game.sanguo.base.task.WorldCupTask
2014-06-29 00:22:32,438 [DefaultQuartzScheduler_Worker-4] INFO  com.game.sanguo.base.task.GameTask - xinyuanalex@sohu.com exec com.game.sanguo.base.task.GameNotifyTask
2014-06-29 00:23:36,027 [main] INFO  com.game.sanguo.base.util.UserConfig - E:\sanguo_client\sanguo_client\.\config\userconfig.xml
2014-06-29 00:23:37,100 [main] INFO  com.game.sanguo.base.util.UserConfig - 加载完毕，共加载1个用户配置文件
2014-06-29 00:23:42,449 [main] INFO  org.quartz.impl.StdSchedulerFactory - Using default implementation for ThreadExecutor
2014-06-29 00:23:42,496 [main] INFO  org.quartz.simpl.SimpleThreadPool - Job execution threads will use class loader of thread: main
2014-06-29 00:23:42,806 [main] INFO  org.quartz.core.SchedulerSignalerImpl - Initialized Scheduler Signaller of type: class org.quartz.core.SchedulerSignalerImpl
2014-06-29 00:23:42,830 [main] INFO  org.quartz.core.QuartzScheduler - Quartz Scheduler v.2.2.1 created.
2014-06-29 00:23:42,842 [main] INFO  org.quartz.simpl.RAMJobStore - RAMJobStore initialized.
2014-06-29 00:23:42,854 [main] INFO  org.quartz.core.QuartzScheduler - Scheduler meta-data: Quartz Scheduler (v2.2.1) 'DefaultQuartzScheduler' with instanceId 'NON_CLUSTERED'
  Scheduler class: 'org.quartz.core.QuartzScheduler' - running locally.
  NOT STARTED.
  Currently in standby mode.
  Number of jobs executed: 0
  Using thread pool 'org.quartz.simpl.SimpleThreadPool' - with 30 threads.
  Using job-store 'org.quartz.simpl.RAMJobStore' - which does not support persistence. and is not clustered.

2014-06-29 00:23:42,854 [main] INFO  org.quartz.impl.StdSchedulerFactory - Quartz scheduler 'DefaultQuartzScheduler' initialized from default resource file in Quartz package: 'quartz.properties'
2014-06-29 00:23:42,866 [main] INFO  org.quartz.impl.StdSchedulerFactory - Quartz scheduler version: 2.2.1
2014-06-29 00:23:42,890 [main] INFO  org.quartz.core.QuartzScheduler - Scheduler DefaultQuartzScheduler_$_NON_CLUSTERED started.
2014-06-29 00:23:43,617 [DefaultQuartzScheduler_Worker-1] INFO  com.game.sanguo.base.task.GameTask - xinyuanalex@sohu.com exec com.game.sanguo.base.task.LoginTask
2014-06-29 00:23:55,208 [DefaultQuartzScheduler_Worker-1] INFO  com.game.sanguo.base.task.GameTask - xinyuanalex@sohu.com 登录成功
2014-06-29 00:24:10,030 [DefaultQuartzScheduler_Worker-2] INFO  com.game.sanguo.base.task.GameTask - xinyuanalex@sohu.com exec com.game.sanguo.base.task.GameNotifyTask
2014-06-29 00:24:10,117 [DefaultQuartzScheduler_Worker-3] INFO  com.game.sanguo.base.task.GameTask - xinyuanalex@sohu.com exec com.game.sanguo.base.task.WorldCupTask
2014-06-29 00:24:20,010 [DefaultQuartzScheduler_Worker-4] INFO  com.game.sanguo.base.task.GameTask - xinyuanalex@sohu.com exec com.game.sanguo.base.task.GameNotifyTask
2014-06-29 00:24:30,025 [DefaultQuartzScheduler_Worker-5] INFO  com.game.sanguo.base.task.GameTask - xinyuanalex@sohu.com exec com.game.sanguo.base.task.GameNotifyTask
2014-06-29 02:50:22,883 [main] INFO  com.game.sanguo.base.util.UserConfig - E:\sanguo_client\sanguo_client\.\config\userconfig.xml
2014-06-29 02:50:23,884 [main] INFO  com.game.sanguo.base.util.UserConfig - 加载完毕，共加载1个用户配置文件
2014-06-29 02:50:28,231 [main] INFO  org.quartz.impl.StdSchedulerFactory - Using default implementation for ThreadExecutor
2014-06-29 02:50:28,271 [main] INFO  org.quartz.simpl.SimpleThreadPool - Job execution threads will use class loader of thread: main
2014-06-29 02:50:28,581 [main] INFO  org.quartz.core.SchedulerSignalerImpl - Initialized Scheduler Signaller of type: class org.quartz.core.SchedulerSignalerImpl
2014-06-29 02:50:28,591 [main] INFO  org.quartz.core.QuartzScheduler - Quartz Scheduler v.2.2.1 created.
2014-06-29 02:50:28,601 [main] INFO  org.quartz.simpl.RAMJobStore - RAMJobStore initialized.
2014-06-29 02:50:28,611 [main] INFO  org.quartz.core.QuartzScheduler - Scheduler meta-data: Quartz Scheduler (v2.2.1) 'DefaultQuartzScheduler' with instanceId 'NON_CLUSTERED'
  Scheduler class: 'org.quartz.core.QuartzScheduler' - running locally.
  NOT STARTED.
  Currently in standby mode.
  Number of jobs executed: 0
  Using thread pool 'org.quartz.simpl.SimpleThreadPool' - with 30 threads.
  Using job-store 'org.quartz.simpl.RAMJobStore' - which does not support persistence. and is not clustered.

2014-06-29 02:50:28,611 [main] INFO  org.quartz.impl.StdSchedulerFactory - Quartz scheduler 'DefaultQuartzScheduler' initialized from default resource file in Quartz package: 'quartz.properties'
2014-06-29 02:50:28,621 [main] INFO  org.quartz.impl.StdSchedulerFactory - Quartz scheduler version: 2.2.1
2014-06-29 02:50:28,621 [main] INFO  org.quartz.core.QuartzScheduler - Scheduler DefaultQuartzScheduler_$_NON_CLUSTERED started.
2014-06-29 02:50:29,072 [DefaultQuartzScheduler_Worker-1] INFO  com.game.sanguo.base.task.GameTask - xinyuanalex@sohu.com exec com.game.sanguo.base.task.LoginTask
2014-06-29 02:50:35,431 [DefaultQuartzScheduler_Worker-1] INFO  com.game.sanguo.base.task.GameTask - xinyuanalex@sohu.com 登录成功
2014-06-29 02:50:50,369 [DefaultQuartzScheduler_Worker-2] INFO  com.game.sanguo.base.task.GameTask - xinyuanalex@sohu.com exec com.game.sanguo.base.task.GameNotifyTask
2014-06-29 02:50:50,479 [DefaultQuartzScheduler_Worker-3] INFO  com.game.sanguo.base.task.GameTask - xinyuanalex@sohu.com exec com.game.sanguo.base.task.WorldCupTask
