2014-04-15 21:23:43,435 [main] INFO  com.game.sanguo.base.util.UserConfig - 加载完毕，共加载1个用户配置文件
2014-04-15 21:23:52,007 [main] INFO  com.game.sanguo.GameClient - UserBean [numberId=0, batchId=0, sessionId=null, chatSessionId=null, userName=564195410@qq.com, password=h156788, userID=0, checkId=null, areaId=8, reLoginTime=120, clientInfo=null, loginGameInfo=LoginGameInfo [autoFlag=null, captureHeros=null, challengeTimes=0, changeNameTimes=0, computerCitys=null, computerHeros=null, continuousLoginDays=0, continuousLoginRewardRecv=0, errCode=0, errMsg=null, gem=0, gold=0, goldLimitId=0, head=0, heroBoardData=null, id=0, lastChapterIsReward=null, lastForceId=0, leagueId=0, maxMedicalCampStorage=0, medicalCampStorage=0, monthCardRewardYB=0, name=, occupyPvpMainCityId=0, option=null, permitLoginTime=null, playerCitys=null, playerHeros=null, playerItems=null, preChapterIsReward=null, prepareSoldierNum=0, pvpMainCityOccupyHead=0, pvpMainCityOccupyName=null, pvpScore=0, resultCode=0, selectedHeroPresent=0, sendGold=0, sessionId=null, sex=0, skipFightTimes=0, taskTriggers=null, tasks=null, totalRecharge=0, unreadLetterCount=0, vipItem=null, vipLv=0, worldInfo=null, guideProgress=null, playerCitysInfoList=[], playerHerosInfoList=[], playerItemsInfoList=[]], isSuspend=false, gameAreaInfoMap={}, configure=Configure [scanResource=ScanResource [gold=0, treasure=0, market=0, solider=0, waitTime=1000, sortType=null, allResourceConfig=ScanResourceData [xPosStart=0, yPosStart=0, xPosEnd=0, yPosEnd=0, isAllScanOpen=0]], searchResource=0, sellConfig=SellConfig [sell=0, level=0]], itemConfig=com.game.sanguo.base.util.ItemConfig@1ea813d, itemIdToSrcIdMap={}, heroIdToSrcIdMap={}, areaName=西凉, propertyChangeSupport=java.beans.PropertyChangeSupport@cae565]
2014-04-15 21:23:57,605 [pool-2-thread-1] INFO  com.game.sanguo.base.task.GameTask - GameAreaInfo [id=0, name=新野, recommend=0, statusAsInt=2, url=gh0.ol.ko.cn:8080]
2014-04-15 21:23:57,615 [pool-2-thread-1] INFO  com.game.sanguo.base.task.GameTask - GameAreaInfo [id=1, name=长安, recommend=0, statusAsInt=2, url=gh0.ol.ko.cn:8080]
2014-04-15 21:23:57,615 [pool-2-thread-1] INFO  com.game.sanguo.base.task.GameTask - GameAreaInfo [id=2, name=洛阳, recommend=0, statusAsInt=2, url=gh2.ol.ko.cn:8080]
2014-04-15 21:23:57,615 [pool-2-thread-1] INFO  com.game.sanguo.base.task.GameTask - GameAreaInfo [id=3, name=官渡, recommend=0, statusAsInt=2, url=gh2.ol.ko.cn:8080]
2014-04-15 21:23:57,625 [pool-2-thread-1] INFO  com.game.sanguo.base.task.GameTask - GameAreaInfo [id=4, name=易京, recommend=0, statusAsInt=1, url=42.62.7.236:8080]
2014-04-15 21:23:57,625 [pool-2-thread-1] INFO  com.game.sanguo.base.task.GameTask - GameAreaInfo [id=5, name=潼关, recommend=0, statusAsInt=2, url=gh4.ol.ko.cn:8080]
2014-04-15 21:23:57,625 [pool-2-thread-1] INFO  com.game.sanguo.base.task.GameTask - GameAreaInfo [id=6, name=北平, recommend=0, statusAsInt=1, url=42.62.7.236:8080]
2014-04-15 21:23:57,625 [pool-2-thread-1] INFO  com.game.sanguo.base.task.GameTask - GameAreaInfo [id=7, name=汉中, recommend=0, statusAsInt=2, url=gh4.ol.ko.cn:8080]
2014-04-15 21:23:57,625 [pool-2-thread-1] INFO  com.game.sanguo.base.task.GameTask - GameAreaInfo [id=8, name=西凉, recommend=0, statusAsInt=0, url=g8.ol.ko.cn:8080]
2014-04-15 21:23:57,635 [pool-2-thread-1] INFO  com.game.sanguo.base.task.GameTask - GameAreaInfo [id=9, name=襄阳, recommend=0, statusAsInt=1, url=g9.ol.ko.cn:8080]
2014-04-15 21:23:57,635 [pool-2-thread-1] INFO  com.game.sanguo.base.task.GameTask - GameAreaInfo [id=10, name=赤壁, recommend=0, statusAsInt=2, url=g10.ol.ko.cn:8080]
2014-04-15 21:23:57,635 [pool-2-thread-1] INFO  com.game.sanguo.base.task.GameTask - GameAreaInfo [id=11, name=长沙, recommend=0, statusAsInt=2, url=g11.ol.ko.cn:8080]
2014-04-15 21:23:57,635 [pool-2-thread-1] INFO  com.game.sanguo.base.task.GameTask - GameAreaInfo [id=12, name=成都, recommend=0, statusAsInt=2, url=g12.ol.ko.cn:8080]
2014-04-15 21:23:57,645 [pool-2-thread-1] INFO  com.game.sanguo.base.task.GameTask - GameAreaInfo [id=13, name=云南, recommend=0, statusAsInt=0, url=g8.ol.ko.cn:8080]
2014-04-15 21:23:57,645 [pool-2-thread-1] INFO  com.game.sanguo.base.task.GameTask - GameAreaInfo [id=14, name=江州, recommend=0, statusAsInt=1, url=g9.ol.ko.cn:8080]
2014-04-15 21:23:57,645 [pool-2-thread-1] INFO  com.game.sanguo.base.task.GameTask - GameAreaInfo [id=15, name=建业, recommend=0, statusAsInt=1, url=g15.ol.ko.cn:8080]
2014-04-15 21:23:57,645 [pool-2-thread-1] INFO  com.game.sanguo.base.task.GameTask - GameAreaInfo [id=16, name=会稽, recommend=0, statusAsInt=1, url=g16.ol.ko.cn:8080]
2014-04-15 21:23:57,645 [pool-2-thread-1] INFO  com.game.sanguo.base.task.GameTask - GameAreaInfo [id=17, name=下邳, recommend=0, statusAsInt=1, url=g17.ol.ko.cn:8080]
2014-04-15 21:23:57,655 [pool-2-thread-1] INFO  com.game.sanguo.base.task.GameTask - GameAreaInfo [id=18, name=合肥, recommend=0, statusAsInt=1, url=g18.ol.ko.cn:8080]
2014-04-15 21:23:57,655 [pool-2-thread-1] INFO  com.game.sanguo.base.task.GameTask - GameAreaInfo [id=19, name=谯城, recommend=0, statusAsInt=1, url=g19.ol.ko.cn:8080]
2014-04-15 21:23:57,655 [pool-2-thread-1] INFO  com.game.sanguo.base.task.GameTask - GameAreaInfo [id=20, name=徐州, recommend=0, statusAsInt=1, url=g20.ol.ko.cn:8080]
2014-04-15 21:23:57,665 [pool-2-thread-1] INFO  com.game.sanguo.base.task.GameTask - GameAreaInfo [id=21, name=陈留, recommend=1, statusAsInt=1, url=g21.ol.ko.cn:8080]
2014-04-15 21:23:57,665 [pool-2-thread-1] INFO  com.game.sanguo.base.task.GameTask - GameAreaInfo [id=8, name=西凉, recommend=0, statusAsInt=0, url=g8.ol.ko.cn:8080]
2014-04-15 21:23:57,725 [pool-2-thread-1] INFO  com.game.sanguo.base.task.GameTask - 客户端版本信息:ClientUpdateInfo [delFiles=s0, downloadFiles=s1, latestVersion=602, result=0]
2014-04-15 21:24:06,808 [pool-2-thread-1] INFO  com.game.sanguo.base.task.GameTask - StartChatInfo [maxIndex=1457, msgs=s0, sessionId=DDF3A50C45B8219F39984DDD1E69A019]
2014-04-15 21:24:07,019 [pool-2-thread-1] INFO  com.game.sanguo.base.task.GameTask - 开始领取第[4]天的奖励 
2014-04-15 21:24:07,119 [pool-2-thread-1] INFO  com.game.sanguo.base.task.GameTask - 连续登录奖励[4,ContinuousLoginDaysRewardInfo [errCode=0, errMsg=successful, gemLeft=12575, goldLeft=98224642, result=0, rewardHeros=s0, rewardItems=s1]]
2014-04-15 21:24:07,119 [pool-2-thread-1] INFO  com.game.sanguo.base.task.GameTask - 禁止自动贩卖装备
2014-04-15 21:24:07,119 [pool-2-thread-1] INFO  com.game.sanguo.base.task.GameTask - 禁止自动收资源
2014-04-15 21:24:10,654 [pool-2-thread-1] INFO  com.game.sanguo.base.task.GameTask - Configure [scanResource=ScanResource [gold=0, treasure=0, market=0, solider=0, waitTime=500, sortType=null, allResourceConfig=ScanResourceData [xPosStart=0, yPosStart=0, xPosEnd=3, yPosEnd=3, isAllScanOpen=1]], searchResource=0, sellConfig=SellConfig [sell=0, level=0]]
2014-04-15 21:24:10,654 [pool-2-thread-1] INFO  com.game.sanguo.base.task.GameTask - 配置禁止扫描元宝山资源
2014-04-15 21:24:10,654 [pool-2-thread-1] INFO  com.game.sanguo.base.task.GameTask - 配置禁止扫描黑市资源
2014-04-15 21:24:10,654 [pool-2-thread-1] INFO  com.game.sanguo.base.task.GameTask - 配置禁止扫描金矿资源
2014-04-15 21:24:10,664 [pool-2-thread-1] INFO  com.game.sanguo.base.task.GameTask - 配置禁止扫描兵营资源
2014-04-15 21:25:03,340 [pool-2-thread-1] INFO  com.game.sanguo.base.task.GameTask - Configure [scanResource=ScanResource [gold=0, treasure=0, market=0, solider=0, waitTime=500, sortType=null, allResourceConfig=ScanResourceData [xPosStart=0, yPosStart=0, xPosEnd=3, yPosEnd=3, isAllScanOpen=1]], searchResource=0, sellConfig=SellConfig [sell=0, level=0]]
2014-04-15 21:25:03,350 [pool-2-thread-1] INFO  com.game.sanguo.base.task.GameTask - 配置禁止扫描元宝山资源
2014-04-15 21:25:03,350 [pool-2-thread-1] INFO  com.game.sanguo.base.task.GameTask - 配置禁止扫描黑市资源
2014-04-15 21:25:03,350 [pool-2-thread-1] INFO  com.game.sanguo.base.task.GameTask - 配置禁止扫描金矿资源
2014-04-15 21:25:03,350 [pool-2-thread-1] INFO  com.game.sanguo.base.task.GameTask - 配置禁止扫描兵营资源
2014-04-15 21:30:40,975 [main] INFO  com.game.sanguo.base.util.UserConfig - 加载完毕，共加载1个用户配置文件
2014-04-15 21:30:48,846 [main] INFO  com.game.sanguo.GameClient - UserBean [numberId=0, batchId=0, sessionId=null, chatSessionId=null, userName=564195410@qq.com, password=h156788, userID=0, checkId=null, areaId=8, reLoginTime=120, clientInfo=null, loginGameInfo=LoginGameInfo [autoFlag=null, captureHeros=null, challengeTimes=0, changeNameTimes=0, computerCitys=null, computerHeros=null, continuousLoginDays=0, continuousLoginRewardRecv=0, errCode=0, errMsg=null, gem=0, gold=0, goldLimitId=0, head=0, heroBoardData=null, id=0, lastChapterIsReward=null, lastForceId=0, leagueId=0, maxMedicalCampStorage=0, medicalCampStorage=0, monthCardRewardYB=0, name=, occupyPvpMainCityId=0, option=null, permitLoginTime=null, playerCitys=null, playerHeros=null, playerItems=null, preChapterIsReward=null, prepareSoldierNum=0, pvpMainCityOccupyHead=0, pvpMainCityOccupyName=null, pvpScore=0, resultCode=0, selectedHeroPresent=0, sendGold=0, sessionId=null, sex=0, skipFightTimes=0, taskTriggers=null, tasks=null, totalRecharge=0, unreadLetterCount=0, vipItem=null, vipLv=0, worldInfo=null, guideProgress=null, playerCitysInfoList=[], playerHerosInfoList=[], playerItemsInfoList=[]], isSuspend=false, gameAreaInfoMap={}, configure=Configure [scanResource=ScanResource [gold=0, treasure=0, market=0, solider=0, waitTime=1000, sortType=null, allResourceConfig=ScanResourceData [xPosStart=0, yPosStart=0, xPosEnd=0, yPosEnd=0, isAllScanOpen=0]], searchResource=0, sellConfig=SellConfig [sell=0, level=0]], itemConfig=com.game.sanguo.base.util.ItemConfig@25cc4c, itemIdToSrcIdMap={}, heroIdToSrcIdMap={}, areaName=西凉, propertyChangeSupport=java.beans.PropertyChangeSupport@18797cf]
2014-04-15 21:30:54,434 [pool-2-thread-1] INFO  com.game.sanguo.base.task.GameTask - GameAreaInfo [id=0, name=新野, recommend=0, statusAsInt=2, url=gh0.ol.ko.cn:8080]
2014-04-15 21:30:54,434 [pool-2-thread-1] INFO  com.game.sanguo.base.task.GameTask - GameAreaInfo [id=1, name=长安, recommend=0, statusAsInt=2, url=gh0.ol.ko.cn:8080]
2014-04-15 21:30:54,444 [pool-2-thread-1] INFO  com.game.sanguo.base.task.GameTask - GameAreaInfo [id=2, name=洛阳, recommend=0, statusAsInt=2, url=gh2.ol.ko.cn:8080]
2014-04-15 21:30:54,444 [pool-2-thread-1] INFO  com.game.sanguo.base.task.GameTask - GameAreaInfo [id=3, name=官渡, recommend=0, statusAsInt=2, url=gh2.ol.ko.cn:8080]
2014-04-15 21:30:54,444 [pool-2-thread-1] INFO  com.game.sanguo.base.task.GameTask - GameAreaInfo [id=4, name=易京, recommend=0, statusAsInt=1, url=42.62.7.236:8080]
2014-04-15 21:30:54,444 [pool-2-thread-1] INFO  com.game.sanguo.base.task.GameTask - GameAreaInfo [id=5, name=潼关, recommend=0, statusAsInt=2, url=gh4.ol.ko.cn:8080]
2014-04-15 21:30:54,444 [pool-2-thread-1] INFO  com.game.sanguo.base.task.GameTask - GameAreaInfo [id=6, name=北平, recommend=0, statusAsInt=1, url=42.62.7.236:8080]
2014-04-15 21:30:54,444 [pool-2-thread-1] INFO  com.game.sanguo.base.task.GameTask - GameAreaInfo [id=7, name=汉中, recommend=0, statusAsInt=2, url=gh4.ol.ko.cn:8080]
2014-04-15 21:30:54,455 [pool-2-thread-1] INFO  com.game.sanguo.base.task.GameTask - GameAreaInfo [id=8, name=西凉, recommend=0, statusAsInt=0, url=g8.ol.ko.cn:8080]
2014-04-15 21:30:54,455 [pool-2-thread-1] INFO  com.game.sanguo.base.task.GameTask - GameAreaInfo [id=9, name=襄阳, recommend=0, statusAsInt=1, url=g9.ol.ko.cn:8080]
2014-04-15 21:30:54,455 [pool-2-thread-1] INFO  com.game.sanguo.base.task.GameTask - GameAreaInfo [id=10, name=赤壁, recommend=0, statusAsInt=2, url=g10.ol.ko.cn:8080]
2014-04-15 21:30:54,465 [pool-2-thread-1] INFO  com.game.sanguo.base.task.GameTask - GameAreaInfo [id=11, name=长沙, recommend=0, statusAsInt=2, url=g11.ol.ko.cn:8080]
2014-04-15 21:30:54,465 [pool-2-thread-1] INFO  com.game.sanguo.base.task.GameTask - GameAreaInfo [id=12, name=成都, recommend=0, statusAsInt=2, url=g12.ol.ko.cn:8080]
2014-04-15 21:30:54,465 [pool-2-thread-1] INFO  com.game.sanguo.base.task.GameTask - GameAreaInfo [id=13, name=云南, recommend=0, statusAsInt=0, url=g8.ol.ko.cn:8080]
2014-04-15 21:30:54,465 [pool-2-thread-1] INFO  com.game.sanguo.base.task.GameTask - GameAreaInfo [id=14, name=江州, recommend=0, statusAsInt=1, url=g9.ol.ko.cn:8080]
2014-04-15 21:30:54,465 [pool-2-thread-1] INFO  com.game.sanguo.base.task.GameTask - GameAreaInfo [id=15, name=建业, recommend=0, statusAsInt=1, url=g15.ol.ko.cn:8080]
2014-04-15 21:30:54,465 [pool-2-thread-1] INFO  com.game.sanguo.base.task.GameTask - GameAreaInfo [id=16, name=会稽, recommend=0, statusAsInt=1, url=g16.ol.ko.cn:8080]
2014-04-15 21:30:54,465 [pool-2-thread-1] INFO  com.game.sanguo.base.task.GameTask - GameAreaInfo [id=17, name=下邳, recommend=0, statusAsInt=1, url=g17.ol.ko.cn:8080]
2014-04-15 21:30:54,475 [pool-2-thread-1] INFO  com.game.sanguo.base.task.GameTask - GameAreaInfo [id=18, name=合肥, recommend=0, statusAsInt=1, url=g18.ol.ko.cn:8080]
2014-04-15 21:30:54,475 [pool-2-thread-1] INFO  com.game.sanguo.base.task.GameTask - GameAreaInfo [id=19, name=谯城, recommend=0, statusAsInt=1, url=g19.ol.ko.cn:8080]
2014-04-15 21:30:54,475 [pool-2-thread-1] INFO  com.game.sanguo.base.task.GameTask - GameAreaInfo [id=20, name=徐州, recommend=0, statusAsInt=1, url=g20.ol.ko.cn:8080]
2014-04-15 21:30:54,485 [pool-2-thread-1] INFO  com.game.sanguo.base.task.GameTask - GameAreaInfo [id=21, name=陈留, recommend=1, statusAsInt=1, url=g21.ol.ko.cn:8080]
2014-04-15 21:30:54,485 [pool-2-thread-1] INFO  com.game.sanguo.base.task.GameTask - GameAreaInfo [id=8, name=西凉, recommend=0, statusAsInt=0, url=g8.ol.ko.cn:8080]
2014-04-15 21:30:54,535 [pool-2-thread-1] INFO  com.game.sanguo.base.task.GameTask - 客户端版本信息:ClientUpdateInfo [delFiles=s0, downloadFiles=s1, latestVersion=602, result=0]
2014-04-15 21:31:01,124 [pool-2-thread-1] INFO  com.game.sanguo.base.task.GameTask - StartChatInfo [maxIndex=1468, msgs=s0, sessionId=367FFC668A56CEC6417A2A54BC6AE79E]
2014-04-15 21:31:01,535 [pool-2-thread-1] INFO  com.game.sanguo.base.task.GameTask - 开始领取第[4]天的奖励 
2014-04-15 21:31:01,675 [pool-2-thread-1] INFO  com.game.sanguo.base.task.GameTask - 连续登录奖励[4,ContinuousLoginDaysRewardInfo [errCode=0, errMsg=successful, gemLeft=0, goldLeft=0, result=2, rewardHeros=s0, rewardItems=s1]]
2014-04-15 21:31:01,685 [pool-2-thread-1] INFO  com.game.sanguo.base.task.GameTask - 禁止自动贩卖装备
2014-04-15 21:31:01,685 [pool-2-thread-1] INFO  com.game.sanguo.base.task.GameTask - 禁止自动收资源
2014-04-15 21:31:01,805 [pool-2-thread-1] INFO  com.game.sanguo.base.task.GameTask - Configure [scanResource=ScanResource [gold=0, treasure=0, market=0, solider=0, waitTime=1000, sortType=null, allResourceConfig=ScanResourceData [xPosStart=0, yPosStart=0, xPosEnd=3, yPosEnd=4, isAllScanOpen=1]], searchResource=0, sellConfig=SellConfig [sell=0, level=0]]
2014-04-15 21:31:01,805 [pool-2-thread-1] INFO  com.game.sanguo.base.task.GameTask - 配置禁止扫描元宝山资源
2014-04-15 21:31:01,805 [pool-2-thread-1] INFO  com.game.sanguo.base.task.GameTask - 配置禁止扫描黑市资源
2014-04-15 21:31:01,815 [pool-2-thread-1] INFO  com.game.sanguo.base.task.GameTask - 配置禁止扫描金矿资源
2014-04-15 21:31:01,815 [pool-2-thread-1] INFO  com.game.sanguo.base.task.GameTask - 配置禁止扫描兵营资源
