2014-04-06 23:18:40,179 [main] INFO  com.game.sanguo.util.UserConfig - 加载完毕，共加载1个用户配置文件
2014-04-06 23:18:51,014 [pool-2-thread-1] INFO  com.game.sanguo.task.GameTask - GameAreaInfo [id=0, name=新野, recommend=0, statusAsInt=1, url=gh0.ol.ko.cn:8080]
2014-04-06 23:18:51,016 [pool-2-thread-1] INFO  com.game.sanguo.task.GameTask - GameAreaInfo [id=1, name=长安, recommend=0, statusAsInt=1, url=gh0.ol.ko.cn:8080]
2014-04-06 23:18:51,017 [pool-2-thread-1] INFO  com.game.sanguo.task.GameTask - GameAreaInfo [id=2, name=洛阳, recommend=0, statusAsInt=1, url=gh2.ol.ko.cn:8080]
2014-04-06 23:18:51,018 [pool-2-thread-1] INFO  com.game.sanguo.task.GameTask - GameAreaInfo [id=3, name=官渡, recommend=0, statusAsInt=1, url=gh2.ol.ko.cn:8080]
2014-04-06 23:18:51,019 [pool-2-thread-1] INFO  com.game.sanguo.task.GameTask - GameAreaInfo [id=4, name=易京, recommend=0, statusAsInt=1, url=42.62.7.236:8080]
2014-04-06 23:18:51,020 [pool-2-thread-1] INFO  com.game.sanguo.task.GameTask - GameAreaInfo [id=5, name=潼关, recommend=0, statusAsInt=2, url=gh4.ol.ko.cn:8080]
2014-04-06 23:18:51,020 [pool-2-thread-1] INFO  com.game.sanguo.task.GameTask - GameAreaInfo [id=6, name=北平, recommend=0, statusAsInt=2, url=42.62.7.239:8080]
2014-04-06 23:18:51,021 [pool-2-thread-1] INFO  com.game.sanguo.task.GameTask - GameAreaInfo [id=7, name=汉中, recommend=0, statusAsInt=2, url=gh4.ol.ko.cn:8080]
2014-04-06 23:18:51,022 [pool-2-thread-1] INFO  com.game.sanguo.task.GameTask - GameAreaInfo [id=8, name=西凉, recommend=0, statusAsInt=1, url=g8.ol.ko.cn:8080]
2014-04-06 23:18:51,023 [pool-2-thread-1] INFO  com.game.sanguo.task.GameTask - GameAreaInfo [id=9, name=襄阳, recommend=0, statusAsInt=2, url=g9.ol.ko.cn:8080]
2014-04-06 23:18:51,024 [pool-2-thread-1] INFO  com.game.sanguo.task.GameTask - GameAreaInfo [id=10, name=赤壁, recommend=0, statusAsInt=2, url=g10.ol.ko.cn:8080]
2014-04-06 23:18:51,025 [pool-2-thread-1] INFO  com.game.sanguo.task.GameTask - GameAreaInfo [id=11, name=长沙, recommend=0, statusAsInt=2, url=g11.ol.ko.cn:8080]
2014-04-06 23:18:51,026 [pool-2-thread-1] INFO  com.game.sanguo.task.GameTask - GameAreaInfo [id=12, name=成都, recommend=0, statusAsInt=2, url=g12.ol.ko.cn:8080]
2014-04-06 23:18:51,027 [pool-2-thread-1] INFO  com.game.sanguo.task.GameTask - GameAreaInfo [id=13, name=云南, recommend=0, statusAsInt=2, url=g13.ol.ko.cn:8080]
2014-04-06 23:18:51,028 [pool-2-thread-1] INFO  com.game.sanguo.task.GameTask - GameAreaInfo [id=14, name=江州, recommend=0, statusAsInt=1, url=g14.ol.ko.cn:8080]
2014-04-06 23:18:51,031 [pool-2-thread-1] INFO  com.game.sanguo.task.GameTask - GameAreaInfo [id=15, name=建业, recommend=0, statusAsInt=1, url=g15.ol.ko.cn:8080]
2014-04-06 23:18:51,032 [pool-2-thread-1] INFO  com.game.sanguo.task.GameTask - GameAreaInfo [id=16, name=会稽, recommend=0, statusAsInt=1, url=g16.ol.ko.cn:8080]
2014-04-06 23:18:51,033 [pool-2-thread-1] INFO  com.game.sanguo.task.GameTask - GameAreaInfo [id=17, name=下邳, recommend=0, statusAsInt=1, url=g17.ol.ko.cn:8080]
2014-04-06 23:18:51,033 [pool-2-thread-1] INFO  com.game.sanguo.task.GameTask - GameAreaInfo [id=18, name=合肥, recommend=0, statusAsInt=1, url=g18.ol.ko.cn:8080]
2014-04-06 23:18:51,034 [pool-2-thread-1] INFO  com.game.sanguo.task.GameTask - GameAreaInfo [id=19, name=谯城, recommend=0, statusAsInt=1, url=g19.ol.ko.cn:8080]
2014-04-06 23:18:51,034 [pool-2-thread-1] INFO  com.game.sanguo.task.GameTask - GameAreaInfo [id=20, name=徐州, recommend=0, statusAsInt=1, url=g20.ol.ko.cn:8080]
2014-04-06 23:18:51,035 [pool-2-thread-1] INFO  com.game.sanguo.task.GameTask - GameAreaInfo [id=21, name=陈留, recommend=1, statusAsInt=0, url=g21.ol.ko.cn:8080]
2014-04-06 23:18:51,036 [pool-2-thread-1] INFO  com.game.sanguo.task.GameTask - GameAreaInfo [id=8, name=西凉, recommend=0, statusAsInt=1, url=g8.ol.ko.cn:8080]
2014-04-06 23:18:51,092 [pool-2-thread-1] INFO  com.game.sanguo.task.GameTask - 客户端版本信息:ClientUpdateInfo [delFiles=s0, downloadFiles=s1, latestVersion=568, result=0]
2014-04-06 23:18:59,708 [pool-2-thread-1] INFO  com.game.sanguo.task.GameTask - StartChatInfo [maxIndex=955, msgs=s0, sessionId=3E41A62FDAB29E2E12444AA0A0CC98EA]
2014-04-06 23:28:37,661 [main] INFO  com.game.sanguo.util.UserConfig - 加载完毕，共加载1个用户配置文件
2014-04-06 23:28:51,710 [pool-2-thread-1] INFO  com.game.sanguo.task.GameTask - GameAreaInfo [id=0, name=新野, recommend=0, statusAsInt=1, url=gh0.ol.ko.cn:8080]
2014-04-06 23:28:51,711 [pool-2-thread-1] INFO  com.game.sanguo.task.GameTask - GameAreaInfo [id=1, name=长安, recommend=0, statusAsInt=1, url=gh0.ol.ko.cn:8080]
2014-04-06 23:28:51,711 [pool-2-thread-1] INFO  com.game.sanguo.task.GameTask - GameAreaInfo [id=2, name=洛阳, recommend=0, statusAsInt=1, url=gh2.ol.ko.cn:8080]
2014-04-06 23:28:51,712 [pool-2-thread-1] INFO  com.game.sanguo.task.GameTask - GameAreaInfo [id=3, name=官渡, recommend=0, statusAsInt=1, url=gh2.ol.ko.cn:8080]
2014-04-06 23:28:51,713 [pool-2-thread-1] INFO  com.game.sanguo.task.GameTask - GameAreaInfo [id=4, name=易京, recommend=0, statusAsInt=1, url=42.62.7.236:8080]
2014-04-06 23:28:51,713 [pool-2-thread-1] INFO  com.game.sanguo.task.GameTask - GameAreaInfo [id=5, name=潼关, recommend=0, statusAsInt=2, url=gh4.ol.ko.cn:8080]
2014-04-06 23:28:51,714 [pool-2-thread-1] INFO  com.game.sanguo.task.GameTask - GameAreaInfo [id=6, name=北平, recommend=0, statusAsInt=2, url=42.62.7.239:8080]
2014-04-06 23:28:51,715 [pool-2-thread-1] INFO  com.game.sanguo.task.GameTask - GameAreaInfo [id=7, name=汉中, recommend=0, statusAsInt=2, url=gh4.ol.ko.cn:8080]
2014-04-06 23:28:51,715 [pool-2-thread-1] INFO  com.game.sanguo.task.GameTask - GameAreaInfo [id=8, name=西凉, recommend=0, statusAsInt=1, url=g8.ol.ko.cn:8080]
2014-04-06 23:28:51,716 [pool-2-thread-1] INFO  com.game.sanguo.task.GameTask - GameAreaInfo [id=9, name=襄阳, recommend=0, statusAsInt=2, url=g9.ol.ko.cn:8080]
2014-04-06 23:28:51,717 [pool-2-thread-1] INFO  com.game.sanguo.task.GameTask - GameAreaInfo [id=10, name=赤壁, recommend=0, statusAsInt=2, url=g10.ol.ko.cn:8080]
2014-04-06 23:28:51,717 [pool-2-thread-1] INFO  com.game.sanguo.task.GameTask - GameAreaInfo [id=11, name=长沙, recommend=0, statusAsInt=2, url=g11.ol.ko.cn:8080]
2014-04-06 23:28:51,718 [pool-2-thread-1] INFO  com.game.sanguo.task.GameTask - GameAreaInfo [id=12, name=成都, recommend=0, statusAsInt=2, url=g12.ol.ko.cn:8080]
2014-04-06 23:28:51,720 [pool-2-thread-1] INFO  com.game.sanguo.task.GameTask - GameAreaInfo [id=13, name=云南, recommend=0, statusAsInt=2, url=g13.ol.ko.cn:8080]
2014-04-06 23:28:51,721 [pool-2-thread-1] INFO  com.game.sanguo.task.GameTask - GameAreaInfo [id=14, name=江州, recommend=0, statusAsInt=1, url=g14.ol.ko.cn:8080]
2014-04-06 23:28:51,723 [pool-2-thread-1] INFO  com.game.sanguo.task.GameTask - GameAreaInfo [id=15, name=建业, recommend=0, statusAsInt=1, url=g15.ol.ko.cn:8080]
2014-04-06 23:28:51,724 [pool-2-thread-1] INFO  com.game.sanguo.task.GameTask - GameAreaInfo [id=16, name=会稽, recommend=0, statusAsInt=1, url=g16.ol.ko.cn:8080]
2014-04-06 23:28:51,725 [pool-2-thread-1] INFO  com.game.sanguo.task.GameTask - GameAreaInfo [id=17, name=下邳, recommend=0, statusAsInt=1, url=g17.ol.ko.cn:8080]
2014-04-06 23:28:51,726 [pool-2-thread-1] INFO  com.game.sanguo.task.GameTask - GameAreaInfo [id=18, name=合肥, recommend=0, statusAsInt=1, url=g18.ol.ko.cn:8080]
2014-04-06 23:28:51,727 [pool-2-thread-1] INFO  com.game.sanguo.task.GameTask - GameAreaInfo [id=19, name=谯城, recommend=0, statusAsInt=1, url=g19.ol.ko.cn:8080]
2014-04-06 23:28:51,727 [pool-2-thread-1] INFO  com.game.sanguo.task.GameTask - GameAreaInfo [id=20, name=徐州, recommend=0, statusAsInt=1, url=g20.ol.ko.cn:8080]
2014-04-06 23:28:51,728 [pool-2-thread-1] INFO  com.game.sanguo.task.GameTask - GameAreaInfo [id=21, name=陈留, recommend=1, statusAsInt=0, url=g21.ol.ko.cn:8080]
2014-04-06 23:28:51,729 [pool-2-thread-1] INFO  com.game.sanguo.task.GameTask - GameAreaInfo [id=8, name=西凉, recommend=0, statusAsInt=1, url=g8.ol.ko.cn:8080]
2014-04-06 23:28:51,775 [pool-2-thread-1] INFO  com.game.sanguo.task.GameTask - 客户端版本信息:ClientUpdateInfo [delFiles=s0, downloadFiles=s1, latestVersion=568, result=0]
2014-04-06 23:28:59,176 [pool-2-thread-1] INFO  com.game.sanguo.task.GameTask - StartChatInfo [maxIndex=955, msgs=s0, sessionId=F1BCC961318D4EF9CF77B73A2A163A24]
2014-04-06 23:29:52,620 [main] INFO  com.game.sanguo.util.UserConfig - 加载完毕，共加载1个用户配置文件
2014-04-06 23:30:10,657 [pool-2-thread-1] INFO  com.game.sanguo.task.GameTask - GameAreaInfo [id=0, name=新野, recommend=0, statusAsInt=1, url=gh0.ol.ko.cn:8080]
2014-04-06 23:30:10,658 [pool-2-thread-1] INFO  com.game.sanguo.task.GameTask - GameAreaInfo [id=1, name=长安, recommend=0, statusAsInt=1, url=gh0.ol.ko.cn:8080]
2014-04-06 23:30:10,659 [pool-2-thread-1] INFO  com.game.sanguo.task.GameTask - GameAreaInfo [id=2, name=洛阳, recommend=0, statusAsInt=1, url=gh2.ol.ko.cn:8080]
2014-04-06 23:30:10,660 [pool-2-thread-1] INFO  com.game.sanguo.task.GameTask - GameAreaInfo [id=3, name=官渡, recommend=0, statusAsInt=1, url=gh2.ol.ko.cn:8080]
2014-04-06 23:30:10,661 [pool-2-thread-1] INFO  com.game.sanguo.task.GameTask - GameAreaInfo [id=4, name=易京, recommend=0, statusAsInt=1, url=42.62.7.236:8080]
2014-04-06 23:30:10,662 [pool-2-thread-1] INFO  com.game.sanguo.task.GameTask - GameAreaInfo [id=5, name=潼关, recommend=0, statusAsInt=2, url=gh4.ol.ko.cn:8080]
2014-04-06 23:30:10,663 [pool-2-thread-1] INFO  com.game.sanguo.task.GameTask - GameAreaInfo [id=6, name=北平, recommend=0, statusAsInt=2, url=42.62.7.239:8080]
2014-04-06 23:30:10,663 [pool-2-thread-1] INFO  com.game.sanguo.task.GameTask - GameAreaInfo [id=7, name=汉中, recommend=0, statusAsInt=2, url=gh4.ol.ko.cn:8080]
2014-04-06 23:30:10,665 [pool-2-thread-1] INFO  com.game.sanguo.task.GameTask - GameAreaInfo [id=8, name=西凉, recommend=0, statusAsInt=1, url=g8.ol.ko.cn:8080]
2014-04-06 23:30:10,666 [pool-2-thread-1] INFO  com.game.sanguo.task.GameTask - GameAreaInfo [id=9, name=襄阳, recommend=0, statusAsInt=2, url=g9.ol.ko.cn:8080]
2014-04-06 23:30:10,670 [pool-2-thread-1] INFO  com.game.sanguo.task.GameTask - GameAreaInfo [id=10, name=赤壁, recommend=0, statusAsInt=2, url=g10.ol.ko.cn:8080]
2014-04-06 23:30:10,672 [pool-2-thread-1] INFO  com.game.sanguo.task.GameTask - GameAreaInfo [id=11, name=长沙, recommend=0, statusAsInt=2, url=g11.ol.ko.cn:8080]
2014-04-06 23:30:10,673 [pool-2-thread-1] INFO  com.game.sanguo.task.GameTask - GameAreaInfo [id=12, name=成都, recommend=0, statusAsInt=2, url=g12.ol.ko.cn:8080]
2014-04-06 23:30:10,674 [pool-2-thread-1] INFO  com.game.sanguo.task.GameTask - GameAreaInfo [id=13, name=云南, recommend=0, statusAsInt=2, url=g13.ol.ko.cn:8080]
2014-04-06 23:30:10,679 [pool-2-thread-1] INFO  com.game.sanguo.task.GameTask - GameAreaInfo [id=14, name=江州, recommend=0, statusAsInt=1, url=g14.ol.ko.cn:8080]
2014-04-06 23:30:10,682 [pool-2-thread-1] INFO  com.game.sanguo.task.GameTask - GameAreaInfo [id=15, name=建业, recommend=0, statusAsInt=1, url=g15.ol.ko.cn:8080]
2014-04-06 23:30:10,684 [pool-2-thread-1] INFO  com.game.sanguo.task.GameTask - GameAreaInfo [id=16, name=会稽, recommend=0, statusAsInt=1, url=g16.ol.ko.cn:8080]
2014-04-06 23:30:10,685 [pool-2-thread-1] INFO  com.game.sanguo.task.GameTask - GameAreaInfo [id=17, name=下邳, recommend=0, statusAsInt=1, url=g17.ol.ko.cn:8080]
2014-04-06 23:30:10,686 [pool-2-thread-1] INFO  com.game.sanguo.task.GameTask - GameAreaInfo [id=18, name=合肥, recommend=0, statusAsInt=1, url=g18.ol.ko.cn:8080]
2014-04-06 23:30:10,687 [pool-2-thread-1] INFO  com.game.sanguo.task.GameTask - GameAreaInfo [id=19, name=谯城, recommend=0, statusAsInt=1, url=g19.ol.ko.cn:8080]
2014-04-06 23:30:10,689 [pool-2-thread-1] INFO  com.game.sanguo.task.GameTask - GameAreaInfo [id=20, name=徐州, recommend=0, statusAsInt=1, url=g20.ol.ko.cn:8080]
2014-04-06 23:30:10,690 [pool-2-thread-1] INFO  com.game.sanguo.task.GameTask - GameAreaInfo [id=21, name=陈留, recommend=1, statusAsInt=0, url=g21.ol.ko.cn:8080]
2014-04-06 23:30:10,691 [pool-2-thread-1] INFO  com.game.sanguo.task.GameTask - GameAreaInfo [id=8, name=西凉, recommend=0, statusAsInt=1, url=g8.ol.ko.cn:8080]
2014-04-06 23:30:10,740 [pool-2-thread-1] INFO  com.game.sanguo.task.GameTask - 客户端版本信息:ClientUpdateInfo [delFiles=s0, downloadFiles=s1, latestVersion=568, result=0]
2014-04-06 23:30:17,400 [pool-2-thread-1] INFO  com.game.sanguo.task.GameTask - StartChatInfo [maxIndex=955, msgs=s0, sessionId=ACBFFF1D1B2A5B09E0521AD1426DCE03]
2014-04-06 23:30:24,996 [main] INFO  com.game.sanguo.util.UserConfig - 加载完毕，共加载1个用户配置文件
2014-04-06 23:30:40,129 [pool-2-thread-1] INFO  com.game.sanguo.task.GameTask - GameAreaInfo [id=0, name=新野, recommend=0, statusAsInt=1, url=gh0.ol.ko.cn:8080]
2014-04-06 23:30:40,132 [pool-2-thread-1] INFO  com.game.sanguo.task.GameTask - GameAreaInfo [id=1, name=长安, recommend=0, statusAsInt=1, url=gh0.ol.ko.cn:8080]
2014-04-06 23:30:40,134 [pool-2-thread-1] INFO  com.game.sanguo.task.GameTask - GameAreaInfo [id=2, name=洛阳, recommend=0, statusAsInt=1, url=gh2.ol.ko.cn:8080]
2014-04-06 23:30:40,137 [pool-2-thread-1] INFO  com.game.sanguo.task.GameTask - GameAreaInfo [id=3, name=官渡, recommend=0, statusAsInt=1, url=gh2.ol.ko.cn:8080]
2014-04-06 23:30:40,139 [pool-2-thread-1] INFO  com.game.sanguo.task.GameTask - GameAreaInfo [id=4, name=易京, recommend=0, statusAsInt=1, url=42.62.7.236:8080]
2014-04-06 23:30:40,140 [pool-2-thread-1] INFO  com.game.sanguo.task.GameTask - GameAreaInfo [id=5, name=潼关, recommend=0, statusAsInt=2, url=gh4.ol.ko.cn:8080]
2014-04-06 23:30:40,141 [pool-2-thread-1] INFO  com.game.sanguo.task.GameTask - GameAreaInfo [id=6, name=北平, recommend=0, statusAsInt=2, url=42.62.7.239:8080]
2014-04-06 23:30:40,142 [pool-2-thread-1] INFO  com.game.sanguo.task.GameTask - GameAreaInfo [id=7, name=汉中, recommend=0, statusAsInt=2, url=gh4.ol.ko.cn:8080]
2014-04-06 23:30:40,143 [pool-2-thread-1] INFO  com.game.sanguo.task.GameTask - GameAreaInfo [id=8, name=西凉, recommend=0, statusAsInt=1, url=g8.ol.ko.cn:8080]
2014-04-06 23:30:40,144 [pool-2-thread-1] INFO  com.game.sanguo.task.GameTask - GameAreaInfo [id=9, name=襄阳, recommend=0, statusAsInt=2, url=g9.ol.ko.cn:8080]
2014-04-06 23:30:40,145 [pool-2-thread-1] INFO  com.game.sanguo.task.GameTask - GameAreaInfo [id=10, name=赤壁, recommend=0, statusAsInt=2, url=g10.ol.ko.cn:8080]
2014-04-06 23:30:40,146 [pool-2-thread-1] INFO  com.game.sanguo.task.GameTask - GameAreaInfo [id=11, name=长沙, recommend=0, statusAsInt=2, url=g11.ol.ko.cn:8080]
2014-04-06 23:30:40,147 [pool-2-thread-1] INFO  com.game.sanguo.task.GameTask - GameAreaInfo [id=12, name=成都, recommend=0, statusAsInt=2, url=g12.ol.ko.cn:8080]
2014-04-06 23:30:40,149 [pool-2-thread-1] INFO  com.game.sanguo.task.GameTask - GameAreaInfo [id=13, name=云南, recommend=0, statusAsInt=2, url=g13.ol.ko.cn:8080]
2014-04-06 23:30:40,150 [pool-2-thread-1] INFO  com.game.sanguo.task.GameTask - GameAreaInfo [id=14, name=江州, recommend=0, statusAsInt=1, url=g14.ol.ko.cn:8080]
2014-04-06 23:30:40,152 [pool-2-thread-1] INFO  com.game.sanguo.task.GameTask - GameAreaInfo [id=15, name=建业, recommend=0, statusAsInt=1, url=g15.ol.ko.cn:8080]
2014-04-06 23:30:40,153 [pool-2-thread-1] INFO  com.game.sanguo.task.GameTask - GameAreaInfo [id=16, name=会稽, recommend=0, statusAsInt=1, url=g16.ol.ko.cn:8080]
2014-04-06 23:30:40,155 [pool-2-thread-1] INFO  com.game.sanguo.task.GameTask - GameAreaInfo [id=17, name=下邳, recommend=0, statusAsInt=1, url=g17.ol.ko.cn:8080]
2014-04-06 23:30:40,155 [pool-2-thread-1] INFO  com.game.sanguo.task.GameTask - GameAreaInfo [id=18, name=合肥, recommend=0, statusAsInt=1, url=g18.ol.ko.cn:8080]
2014-04-06 23:30:40,156 [pool-2-thread-1] INFO  com.game.sanguo.task.GameTask - GameAreaInfo [id=19, name=谯城, recommend=0, statusAsInt=1, url=g19.ol.ko.cn:8080]
2014-04-06 23:30:40,157 [pool-2-thread-1] INFO  com.game.sanguo.task.GameTask - GameAreaInfo [id=20, name=徐州, recommend=0, statusAsInt=1, url=g20.ol.ko.cn:8080]
2014-04-06 23:30:40,157 [pool-2-thread-1] INFO  com.game.sanguo.task.GameTask - GameAreaInfo [id=21, name=陈留, recommend=1, statusAsInt=0, url=g21.ol.ko.cn:8080]
2014-04-06 23:30:40,158 [pool-2-thread-1] INFO  com.game.sanguo.task.GameTask - GameAreaInfo [id=8, name=西凉, recommend=0, statusAsInt=1, url=g8.ol.ko.cn:8080]
2014-04-06 23:30:40,197 [pool-2-thread-1] INFO  com.game.sanguo.task.GameTask - 客户端版本信息:ClientUpdateInfo [delFiles=s0, downloadFiles=s1, latestVersion=568, result=0]
2014-04-06 23:30:46,389 [pool-2-thread-1] INFO  com.game.sanguo.task.GameTask - StartChatInfo [maxIndex=955, msgs=s0, sessionId=A4746D0E5E158F9DE624C758570B268C]
2014-04-06 23:32:35,184 [main] INFO  com.game.sanguo.util.UserConfig - 加载完毕，共加载1个用户配置文件
2014-04-06 23:37:20,154 [main] INFO  com.game.sanguo.util.UserConfig - 加载完毕，共加载1个用户配置文件
2014-04-06 23:37:33,600 [pool-2-thread-1] INFO  com.game.sanguo.task.GameTask - GameAreaInfo [id=0, name=新野, recommend=0, statusAsInt=1, url=gh0.ol.ko.cn:8080]
2014-04-06 23:37:33,601 [pool-2-thread-1] INFO  com.game.sanguo.task.GameTask - GameAreaInfo [id=1, name=长安, recommend=0, statusAsInt=1, url=gh0.ol.ko.cn:8080]
2014-04-06 23:37:33,602 [pool-2-thread-1] INFO  com.game.sanguo.task.GameTask - GameAreaInfo [id=2, name=洛阳, recommend=0, statusAsInt=1, url=gh2.ol.ko.cn:8080]
2014-04-06 23:37:33,602 [pool-2-thread-1] INFO  com.game.sanguo.task.GameTask - GameAreaInfo [id=3, name=官渡, recommend=0, statusAsInt=1, url=gh2.ol.ko.cn:8080]
2014-04-06 23:37:33,603 [pool-2-thread-1] INFO  com.game.sanguo.task.GameTask - GameAreaInfo [id=4, name=易京, recommend=0, statusAsInt=1, url=42.62.7.236:8080]
2014-04-06 23:37:33,604 [pool-2-thread-1] INFO  com.game.sanguo.task.GameTask - GameAreaInfo [id=5, name=潼关, recommend=0, statusAsInt=2, url=gh4.ol.ko.cn:8080]
2014-04-06 23:37:33,605 [pool-2-thread-1] INFO  com.game.sanguo.task.GameTask - GameAreaInfo [id=6, name=北平, recommend=0, statusAsInt=2, url=42.62.7.239:8080]
2014-04-06 23:37:33,605 [pool-2-thread-1] INFO  com.game.sanguo.task.GameTask - GameAreaInfo [id=7, name=汉中, recommend=0, statusAsInt=2, url=gh4.ol.ko.cn:8080]
2014-04-06 23:37:33,606 [pool-2-thread-1] INFO  com.game.sanguo.task.GameTask - GameAreaInfo [id=8, name=西凉, recommend=0, statusAsInt=1, url=g8.ol.ko.cn:8080]
2014-04-06 23:37:33,607 [pool-2-thread-1] INFO  com.game.sanguo.task.GameTask - GameAreaInfo [id=9, name=襄阳, recommend=0, statusAsInt=2, url=g9.ol.ko.cn:8080]
2014-04-06 23:37:33,608 [pool-2-thread-1] INFO  com.game.sanguo.task.GameTask - GameAreaInfo [id=10, name=赤壁, recommend=0, statusAsInt=2, url=g10.ol.ko.cn:8080]
2014-04-06 23:37:33,608 [pool-2-thread-1] INFO  com.game.sanguo.task.GameTask - GameAreaInfo [id=11, name=长沙, recommend=0, statusAsInt=2, url=g11.ol.ko.cn:8080]
2014-04-06 23:37:33,609 [pool-2-thread-1] INFO  com.game.sanguo.task.GameTask - GameAreaInfo [id=12, name=成都, recommend=0, statusAsInt=2, url=g12.ol.ko.cn:8080]
2014-04-06 23:37:33,610 [pool-2-thread-1] INFO  com.game.sanguo.task.GameTask - GameAreaInfo [id=13, name=云南, recommend=0, statusAsInt=2, url=g13.ol.ko.cn:8080]
2014-04-06 23:37:33,611 [pool-2-thread-1] INFO  com.game.sanguo.task.GameTask - GameAreaInfo [id=14, name=江州, recommend=0, statusAsInt=1, url=g14.ol.ko.cn:8080]
2014-04-06 23:37:33,613 [pool-2-thread-1] INFO  com.game.sanguo.task.GameTask - GameAreaInfo [id=15, name=建业, recommend=0, statusAsInt=1, url=g15.ol.ko.cn:8080]
2014-04-06 23:37:33,613 [pool-2-thread-1] INFO  com.game.sanguo.task.GameTask - GameAreaInfo [id=16, name=会稽, recommend=0, statusAsInt=1, url=g16.ol.ko.cn:8080]
2014-04-06 23:37:33,614 [pool-2-thread-1] INFO  com.game.sanguo.task.GameTask - GameAreaInfo [id=17, name=下邳, recommend=0, statusAsInt=1, url=g17.ol.ko.cn:8080]
2014-04-06 23:37:33,615 [pool-2-thread-1] INFO  com.game.sanguo.task.GameTask - GameAreaInfo [id=18, name=合肥, recommend=0, statusAsInt=1, url=g18.ol.ko.cn:8080]
2014-04-06 23:37:33,616 [pool-2-thread-1] INFO  com.game.sanguo.task.GameTask - GameAreaInfo [id=19, name=谯城, recommend=0, statusAsInt=1, url=g19.ol.ko.cn:8080]
2014-04-06 23:37:33,618 [pool-2-thread-1] INFO  com.game.sanguo.task.GameTask - GameAreaInfo [id=20, name=徐州, recommend=0, statusAsInt=1, url=g20.ol.ko.cn:8080]
2014-04-06 23:37:33,620 [pool-2-thread-1] INFO  com.game.sanguo.task.GameTask - GameAreaInfo [id=21, name=陈留, recommend=1, statusAsInt=0, url=g21.ol.ko.cn:8080]
2014-04-06 23:37:33,621 [pool-2-thread-1] INFO  com.game.sanguo.task.GameTask - GameAreaInfo [id=8, name=西凉, recommend=0, statusAsInt=1, url=g8.ol.ko.cn:8080]
2014-04-06 23:37:33,659 [pool-2-thread-1] INFO  com.game.sanguo.task.GameTask - 客户端版本信息:ClientUpdateInfo [delFiles=s0, downloadFiles=s1, latestVersion=568, result=0]
2014-04-06 23:38:25,058 [main] INFO  com.game.sanguo.util.UserConfig - 加载完毕，共加载1个用户配置文件
2014-04-06 23:38:58,380 [main] INFO  com.game.sanguo.util.UserConfig - 加载完毕，共加载1个用户配置文件
2014-04-06 23:42:51,069 [main] INFO  com.game.sanguo.util.UserConfig - 加载完毕，共加载1个用户配置文件
2014-04-06 23:43:25,206 [main] INFO  com.game.sanguo.util.UserConfig - 加载完毕，共加载1个用户配置文件
