2014-07-24 15:04:13,307 [DefaultQuartzScheduler_QuartzSchedulerThread] ERROR org.quartz.core.ErrorLogger - An error occured instantiating job to be executed. job= 'DEFAULT.6da64b5bd2ee-8e1abae0-7115-4c42-aa17-9e8a2aa4a4ec'
org.quartz.SchedulerException: Problem instantiating class 'com.game.sanguo.base.task.TaskUnit'
	at org.quartz.simpl.SimpleJobFactory.newJob(SimpleJobFactory.java:58) ~[quartz-2.2.1.jar:na]
	at org.quartz.simpl.PropertySettingJobFactory.newJob(PropertySettingJobFactory.java:69) ~[quartz-2.2.1.jar:na]
	at org.quartz.core.JobRunShell.initialize(JobRunShell.java:127) ~[quartz-2.2.1.jar:na]
	at org.quartz.core.QuartzSchedulerThread.run(QuartzSchedulerThread.java:375) [quartz-2.2.1.jar:na]
Caused by: java.lang.InstantiationException: com.game.sanguo.base.task.TaskUnit
	at java.lang.Class.newInstance(Unknown Source) ~[na:1.7.0_60]
	at org.quartz.simpl.SimpleJobFactory.newJob(SimpleJobFactory.java:56) ~[quartz-2.2.1.jar:na]
	... 3 common frames omitted
2014-07-24 15:04:13,327 [DefaultQuartzScheduler_QuartzSchedulerThread] ERROR org.quartz.core.ErrorLogger - An error occured instantiating job to be executed. job= 'DEFAULT.6da64b5bd2ee-bd10486d-31bf-4618-9183-d3c9ae8aa563'
org.quartz.SchedulerException: Problem instantiating class 'com.game.sanguo.base.task.TaskUnit'
	at org.quartz.simpl.SimpleJobFactory.newJob(SimpleJobFactory.java:58) ~[quartz-2.2.1.jar:na]
	at org.quartz.simpl.PropertySettingJobFactory.newJob(PropertySettingJobFactory.java:69) ~[quartz-2.2.1.jar:na]
	at org.quartz.core.JobRunShell.initialize(JobRunShell.java:127) ~[quartz-2.2.1.jar:na]
	at org.quartz.core.QuartzSchedulerThread.run(QuartzSchedulerThread.java:375) [quartz-2.2.1.jar:na]
Caused by: java.lang.InstantiationException: com.game.sanguo.base.task.TaskUnit
	at java.lang.Class.newInstance(Unknown Source) ~[na:1.7.0_60]
	at org.quartz.simpl.SimpleJobFactory.newJob(SimpleJobFactory.java:56) ~[quartz-2.2.1.jar:na]
	... 3 common frames omitted
2014-07-24 15:04:13,327 [DefaultQuartzScheduler_QuartzSchedulerThread] ERROR org.quartz.core.ErrorLogger - An error occured instantiating job to be executed. job= 'DEFAULT.6da64b5bd2ee-9b798271-fa38-4867-8c88-edebed7f42fb'
org.quartz.SchedulerException: Problem instantiating class 'com.game.sanguo.base.task.TaskUnit'
	at org.quartz.simpl.SimpleJobFactory.newJob(SimpleJobFactory.java:58) ~[quartz-2.2.1.jar:na]
	at org.quartz.simpl.PropertySettingJobFactory.newJob(PropertySettingJobFactory.java:69) ~[quartz-2.2.1.jar:na]
	at org.quartz.core.JobRunShell.initialize(JobRunShell.java:127) ~[quartz-2.2.1.jar:na]
	at org.quartz.core.QuartzSchedulerThread.run(QuartzSchedulerThread.java:375) [quartz-2.2.1.jar:na]
Caused by: java.lang.InstantiationException: com.game.sanguo.base.task.TaskUnit
	at java.lang.Class.newInstance(Unknown Source) ~[na:1.7.0_60]
	at org.quartz.simpl.SimpleJobFactory.newJob(SimpleJobFactory.java:56) ~[quartz-2.2.1.jar:na]
	... 3 common frames omitted
2014-07-24 15:13:53,000 [DefaultQuartzScheduler_Worker-2] ERROR com.game.sanguo.base.task.TaskUnit - 
java.lang.NullPointerException: null
	at com.game.sanguo.base.task.TaskUnit.execute(TaskUnit.java:79) ~[bin/:na]
	at org.quartz.core.JobRunShell.run(JobRunShell.java:202) [quartz-2.2.1.jar:na]
	at org.quartz.simpl.SimpleThreadPool$WorkerThread.run(SimpleThreadPool.java:573) [quartz-2.2.1.jar:na]
2014-07-24 15:13:53,000 [DefaultQuartzScheduler_Worker-1] ERROR com.game.sanguo.base.task.TaskUnit - 
java.lang.NullPointerException: null
	at com.game.sanguo.base.task.TaskUnit.execute(TaskUnit.java:79) ~[bin/:na]
	at org.quartz.core.JobRunShell.run(JobRunShell.java:202) [quartz-2.2.1.jar:na]
	at org.quartz.simpl.SimpleThreadPool$WorkerThread.run(SimpleThreadPool.java:573) [quartz-2.2.1.jar:na]
2014-07-24 15:13:53,000 [DefaultQuartzScheduler_Worker-3] ERROR com.game.sanguo.base.task.TaskUnit - 
java.lang.NullPointerException: null
	at com.game.sanguo.base.task.TaskUnit.execute(TaskUnit.java:79) ~[bin/:na]
	at org.quartz.core.JobRunShell.run(JobRunShell.java:202) [quartz-2.2.1.jar:na]
	at org.quartz.simpl.SimpleThreadPool$WorkerThread.run(SimpleThreadPool.java:573) [quartz-2.2.1.jar:na]
2014-07-24 15:16:50,155 [DefaultQuartzScheduler_QuartzSchedulerThread] ERROR org.quartz.core.ErrorLogger - An error occured instantiating job to be executed. job= 'DEFAULT.6da64b5bd2ee-6945ea78-1fe2-4def-8953-adda3c269927'
org.quartz.SchedulerException: Problem instantiating class 'com.game.sanguo.base.task.TaskUnit'
	at org.quartz.simpl.SimpleJobFactory.newJob(SimpleJobFactory.java:58) ~[quartz-2.2.1.jar:na]
	at org.quartz.simpl.PropertySettingJobFactory.newJob(PropertySettingJobFactory.java:69) ~[quartz-2.2.1.jar:na]
	at org.quartz.core.JobRunShell.initialize(JobRunShell.java:127) ~[quartz-2.2.1.jar:na]
	at org.quartz.core.QuartzSchedulerThread.run(QuartzSchedulerThread.java:375) [quartz-2.2.1.jar:na]
Caused by: java.lang.InstantiationException: com.game.sanguo.base.task.TaskUnit
	at java.lang.Class.newInstance(Unknown Source) ~[na:1.7.0_60]
	at org.quartz.simpl.SimpleJobFactory.newJob(SimpleJobFactory.java:56) ~[quartz-2.2.1.jar:na]
	... 3 common frames omitted
2014-07-24 15:16:50,175 [DefaultQuartzScheduler_QuartzSchedulerThread] ERROR org.quartz.core.ErrorLogger - An error occured instantiating job to be executed. job= 'DEFAULT.6da64b5bd2ee-93934aa1-e69b-42a4-a4c0-43a283d446b3'
org.quartz.SchedulerException: Problem instantiating class 'com.game.sanguo.base.task.TaskUnit'
	at org.quartz.simpl.SimpleJobFactory.newJob(SimpleJobFactory.java:58) ~[quartz-2.2.1.jar:na]
	at org.quartz.simpl.PropertySettingJobFactory.newJob(PropertySettingJobFactory.java:69) ~[quartz-2.2.1.jar:na]
	at org.quartz.core.JobRunShell.initialize(JobRunShell.java:127) ~[quartz-2.2.1.jar:na]
	at org.quartz.core.QuartzSchedulerThread.run(QuartzSchedulerThread.java:375) [quartz-2.2.1.jar:na]
Caused by: java.lang.InstantiationException: com.game.sanguo.base.task.TaskUnit
	at java.lang.Class.newInstance(Unknown Source) ~[na:1.7.0_60]
	at org.quartz.simpl.SimpleJobFactory.newJob(SimpleJobFactory.java:56) ~[quartz-2.2.1.jar:na]
	... 3 common frames omitted
2014-07-24 15:16:50,175 [DefaultQuartzScheduler_QuartzSchedulerThread] ERROR org.quartz.core.ErrorLogger - An error occured instantiating job to be executed. job= 'DEFAULT.6da64b5bd2ee-d14c9251-d116-4f3d-aa81-42401c0a8f96'
org.quartz.SchedulerException: Problem instantiating class 'com.game.sanguo.base.task.TaskUnit'
	at org.quartz.simpl.SimpleJobFactory.newJob(SimpleJobFactory.java:58) ~[quartz-2.2.1.jar:na]
	at org.quartz.simpl.PropertySettingJobFactory.newJob(PropertySettingJobFactory.java:69) ~[quartz-2.2.1.jar:na]
	at org.quartz.core.JobRunShell.initialize(JobRunShell.java:127) ~[quartz-2.2.1.jar:na]
	at org.quartz.core.QuartzSchedulerThread.run(QuartzSchedulerThread.java:375) [quartz-2.2.1.jar:na]
Caused by: java.lang.InstantiationException: com.game.sanguo.base.task.TaskUnit
	at java.lang.Class.newInstance(Unknown Source) ~[na:1.7.0_60]
	at org.quartz.simpl.SimpleJobFactory.newJob(SimpleJobFactory.java:56) ~[quartz-2.2.1.jar:na]
	... 3 common frames omitted
2014-07-24 15:17:10,484 [DefaultQuartzScheduler_QuartzSchedulerThread] ERROR org.quartz.core.ErrorLogger - An error occured instantiating job to be executed. job= 'DEFAULT.6da64b5bd2ee-9c43507c-4a3a-47b8-827e-ea7ed334ebd5'
org.quartz.SchedulerException: Problem instantiating class 'com.game.sanguo.base.task.TaskUnit'
	at org.quartz.simpl.SimpleJobFactory.newJob(SimpleJobFactory.java:58) ~[quartz-2.2.1.jar:na]
	at org.quartz.simpl.PropertySettingJobFactory.newJob(PropertySettingJobFactory.java:69) ~[quartz-2.2.1.jar:na]
	at org.quartz.core.JobRunShell.initialize(JobRunShell.java:127) ~[quartz-2.2.1.jar:na]
	at org.quartz.core.QuartzSchedulerThread.run(QuartzSchedulerThread.java:375) [quartz-2.2.1.jar:na]
Caused by: java.lang.InstantiationException: com.game.sanguo.base.task.TaskUnit
	at java.lang.Class.newInstance(Unknown Source) ~[na:1.7.0_60]
	at org.quartz.simpl.SimpleJobFactory.newJob(SimpleJobFactory.java:56) ~[quartz-2.2.1.jar:na]
	... 3 common frames omitted
2014-07-24 15:17:10,494 [DefaultQuartzScheduler_QuartzSchedulerThread] ERROR org.quartz.core.ErrorLogger - An error occured instantiating job to be executed. job= 'DEFAULT.6da64b5bd2ee-0a83d0f2-fe81-4ca5-87da-747e2c6f2d4b'
org.quartz.SchedulerException: Problem instantiating class 'com.game.sanguo.base.task.TaskUnit'
	at org.quartz.simpl.SimpleJobFactory.newJob(SimpleJobFactory.java:58) ~[quartz-2.2.1.jar:na]
	at org.quartz.simpl.PropertySettingJobFactory.newJob(PropertySettingJobFactory.java:69) ~[quartz-2.2.1.jar:na]
	at org.quartz.core.JobRunShell.initialize(JobRunShell.java:127) ~[quartz-2.2.1.jar:na]
	at org.quartz.core.QuartzSchedulerThread.run(QuartzSchedulerThread.java:375) [quartz-2.2.1.jar:na]
Caused by: java.lang.InstantiationException: com.game.sanguo.base.task.TaskUnit
	at java.lang.Class.newInstance(Unknown Source) ~[na:1.7.0_60]
	at org.quartz.simpl.SimpleJobFactory.newJob(SimpleJobFactory.java:56) ~[quartz-2.2.1.jar:na]
	... 3 common frames omitted
2014-07-24 15:17:10,494 [DefaultQuartzScheduler_QuartzSchedulerThread] ERROR org.quartz.core.ErrorLogger - An error occured instantiating job to be executed. job= 'DEFAULT.6da64b5bd2ee-e359ee90-dc30-4424-b2d1-ff3bad31ab71'
org.quartz.SchedulerException: Problem instantiating class 'com.game.sanguo.base.task.TaskUnit'
	at org.quartz.simpl.SimpleJobFactory.newJob(SimpleJobFactory.java:58) ~[quartz-2.2.1.jar:na]
	at org.quartz.simpl.PropertySettingJobFactory.newJob(PropertySettingJobFactory.java:69) ~[quartz-2.2.1.jar:na]
	at org.quartz.core.JobRunShell.initialize(JobRunShell.java:127) ~[quartz-2.2.1.jar:na]
	at org.quartz.core.QuartzSchedulerThread.run(QuartzSchedulerThread.java:375) [quartz-2.2.1.jar:na]
Caused by: java.lang.InstantiationException: com.game.sanguo.base.task.TaskUnit
	at java.lang.Class.newInstance(Unknown Source) ~[na:1.7.0_60]
	at org.quartz.simpl.SimpleJobFactory.newJob(SimpleJobFactory.java:56) ~[quartz-2.2.1.jar:na]
	... 3 common frames omitted
2014-07-24 15:19:22,744 [DefaultQuartzScheduler_Worker-1] ERROR com.game.sanguo.base.task.TaskUnit - 
java.util.MissingFormatArgumentException: Format specifier 's'
	at java.util.Formatter.format(Unknown Source) ~[na:1.7.0_60]
	at java.util.Formatter.format(Unknown Source) ~[na:1.7.0_60]
	at java.lang.String.format(Unknown Source) ~[na:1.7.0_60]
	at com.game.sanguo.base.task.GameTask.execute(GameTask.java:47) ~[bin/:na]
	at com.game.sanguo.base.task.TaskUnit.execute(TaskUnit.java:79) ~[bin/:na]
	at org.quartz.core.JobRunShell.run(JobRunShell.java:202) [quartz-2.2.1.jar:na]
	at org.quartz.simpl.SimpleThreadPool$WorkerThread.run(SimpleThreadPool.java:573) [quartz-2.2.1.jar:na]
2014-07-24 15:36:23,116 [DefaultQuartzScheduler_Worker-2] ERROR com.game.sanguo.base.task.TaskUnit - 
java.util.MissingFormatArgumentException: Format specifier 's'
	at java.util.Formatter.format(Unknown Source) ~[na:1.7.0_60]
	at java.util.Formatter.format(Unknown Source) ~[na:1.7.0_60]
	at java.lang.String.format(Unknown Source) ~[na:1.7.0_60]
	at com.game.sanguo.base.task.GameTask.execute(GameTask.java:48) ~[bin/:na]
	at com.game.sanguo.base.task.TaskUnit.execute(TaskUnit.java:79) ~[bin/:na]
	at org.quartz.core.JobRunShell.run(JobRunShell.java:202) [quartz-2.2.1.jar:na]
	at org.quartz.simpl.SimpleThreadPool$WorkerThread.run(SimpleThreadPool.java:573) [quartz-2.2.1.jar:na]
2014-07-24 15:36:23,116 [DefaultQuartzScheduler_Worker-3] ERROR com.game.sanguo.base.task.TaskUnit - 
java.util.MissingFormatArgumentException: Format specifier 's'
	at java.util.Formatter.format(Unknown Source) ~[na:1.7.0_60]
	at java.util.Formatter.format(Unknown Source) ~[na:1.7.0_60]
	at java.lang.String.format(Unknown Source) ~[na:1.7.0_60]
	at com.game.sanguo.base.task.GameTask.execute(GameTask.java:48) ~[bin/:na]
	at com.game.sanguo.base.task.TaskUnit.execute(TaskUnit.java:79) ~[bin/:na]
	at org.quartz.core.JobRunShell.run(JobRunShell.java:202) [quartz-2.2.1.jar:na]
	at org.quartz.simpl.SimpleThreadPool$WorkerThread.run(SimpleThreadPool.java:573) [quartz-2.2.1.jar:na]
2014-07-24 15:36:23,116 [DefaultQuartzScheduler_Worker-1] ERROR com.game.sanguo.base.task.TaskUnit - 
java.util.MissingFormatArgumentException: Format specifier 's'
	at java.util.Formatter.format(Unknown Source) ~[na:1.7.0_60]
	at java.util.Formatter.format(Unknown Source) ~[na:1.7.0_60]
	at java.lang.String.format(Unknown Source) ~[na:1.7.0_60]
	at com.game.sanguo.base.task.GameTask.execute(GameTask.java:48) ~[bin/:na]
	at com.game.sanguo.base.task.TaskUnit.execute(TaskUnit.java:79) ~[bin/:na]
	at org.quartz.core.JobRunShell.run(JobRunShell.java:202) [quartz-2.2.1.jar:na]
	at org.quartz.simpl.SimpleThreadPool$WorkerThread.run(SimpleThreadPool.java:573) [quartz-2.2.1.jar:na]
